[22:05:13] Logged in as: raise
[22:05:14] [Bot] connected as ChanServ:17398, joining room irony
[22:05:14] [DB] Loaded for irony
[22:05:14] Joins: gaps:17320:gappy
[22:05:14] Joins: Sacred_Club_13:16904:adultvideogames
[22:05:14] Joins: K:16897:testing
[22:05:14] Joins: newt:16877:danskmeme
[22:05:14] Joins: Tired:16778:porterpotty
[22:05:14] Joins: WEENIE:16294:weenie
[22:05:14] Joins: angorasrabbits:15838:angora
[22:05:14] Joins: Allen:15800:pawkypad
[22:05:14] Joins: KAYN:15265:bigbodybigbenz5
[22:05:14] Joins: BFIGHTER:14791:bfighter
[22:05:14] Joins: maoortiririir:14029:kuri
[22:05:14] Joins: Oracle:15502:kms14
[22:05:14] Joins: sleepy_joe:12729:bongdemon420
[22:05:14] Joins moderator: HIITSNICK1:10087:hiitsnick1
[22:05:14] Joins: wutang:15891:jaywalk
[22:05:14] Joins moderator: DEGENERACY:9106:degeneracy
[22:05:14] Joins: yrrah:7828:thebeach
[22:05:14] Joins moderator: RECORDING_GINNY:265300:staff
[22:05:17] (0.1) newt: lemme see if i can find an audiobook on telegram, i'll dm you a link
[22:05:19] [User] oda:17402 joined the room. (1)
[22:05:22] (0.1) gaps: i do like a big nose
[22:05:23] (0.1) DEGENERACY: I will read it
[22:05:25] (0.1) DEGENERACY: I dont like audiobooks
[22:05:29] (0.1) DEGENERACY: you like big noses?
[22:05:31] (0.1) DEGENERACY: It's over for me
[22:05:33] [User] guest:17411 joined the room. (1)
[22:05:33] [User] Found, level(2)  guest:17411:terran
[22:05:34] (0.1) DEGENERACY: I'm a noselet
[22:05:37] (0.1) gaps: idk
[22:05:39] (0.1) gaps: NOSELET
[22:05:41] [User] MeKLiN_bot:17417 joined the room. (2)
[22:05:41] [User] Found, level(2)  MeKLiN_bot:17417:terran
[22:05:41] (0.1) MeKLiN_bot: SpamFairy is Online!
VIP Status: False
[22:05:41] (0.1) gaps: omg
[22:05:56] (0.1) newt: the translation i have is by clancy martin. it's very good.
[22:05:57] (0.1) gaps: i like all sorts of noses tbh i am not picky in that sort of way
[22:06:05] [User] Dionysus:17438 joined the room. (1)
[22:06:07] (0.1) yrrah: STOP CRYING JROD
[22:06:09] MeKLiN_bot: !acc add hitier verified
[22:06:10] (0.1) DEGENERACY: I will read that one
[22:06:14] (2.0) wutang: The Ukrainian military early Friday launched a cross-border raid into Russia, striking an oil depot, and signaling the country's armed forces are trying to seize an advantage as Russian forces regroup.
[22:06:21] (0.1) wutang: lets go ukraine@!
[22:06:22] (0.1) oda: jrod it will be okay
[22:06:23] (0.1) wutang: baaased
[22:06:27] (0.1) DEGENERACY: sorry Oda
[22:06:29] (0.1) DEGENERACY: I have to ban you
[22:06:32] (0.1) oda: why
[22:06:33] (0.1) yrrah: bye oda
[22:06:34] (0.2) wutang: hi oda
[22:06:36] [User] MeKLiN:17455 joined the room. (2)
[22:06:36] [User] Found, level(2)  MeKLiN:17455:meklin
[22:06:37] (0.2) wutang: no degen
[22:06:37] (0.1) DEGENERACY: Until my master instructs me otherwise
[22:06:37] (0.1) oda: i didnt dox anyone
[22:06:39] (0.1) oda: that is a lie
[22:06:42] (0.1) wutang: gasman said its ok last time
[22:06:42] (0.1) yrrah: byeee oda
[22:06:44] (0.1) Dionysus: https://i.4cdn.org/lit/1648943160484.gif
[22:06:44] (0.1) DEGENERACY: I am only following orders...
[22:06:47] (0.1) DEGENERACY: I am sorry oda...
[22:06:48] MeKLiN: !acc 
[22:06:51] (0.1) oda: okay simp
[22:06:52] DEGENERACY banned oda
[22:06:53] (0.1) yrrah: bye bye oda
[22:07:05] (0.1) Dionysus: koss isnt even here
[22:07:07] [User] kimdracula:17484 joined the room. (1)
[22:07:13] MeKLiN_bot: !acc add r9kdeathcult verified
[22:07:17] (0.1) MeKLiN: finally
[22:07:26] (0.1) gaps: THE POWER
[22:10:07] Logged in as: raise
[22:10:07] [Bot] connected as ChanServ:17598, joining room irony
[22:10:07] [DB] Loaded for irony
[22:10:08] Joins: soon:17529:smiggles
[22:10:08] Joins: MeKLiN:17455:meklin
[22:10:08] Joins: MeKLiN_bot:17417:terran
[22:10:08] Joins: Dionysus:17438:hitier
[22:10:08] Joins: gaps:17320:gappy
[22:10:08] Joins: Sacred_Club_13:16904:adultvideogames
[22:10:08] Joins: K:16897:testing
[22:10:08] Joins: newt:16877:danskmeme
[22:10:08] Joins: Tired:16778:porterpotty
[22:10:08] Joins: angorasrabbits:15838:angora
[22:10:08] Joins: Allen:15800:pawkypad
[22:10:08] Joins: KAYN:15265:bigbodybigbenz5
[22:10:08] Joins: BFIGHTER:14791:bfighter
[22:10:08] Joins: maoortiririir:14029:kuri
[22:10:08] Joins: Oracle:15502:kms14
[22:10:08] Joins: sleepy_joe:12729:bongdemon420
[22:10:08] Joins moderator: HIITSNICK1:10087:hiitsnick1
[22:10:08] Joins: wutang:15891:jaywalk
[22:10:08] Joins moderator: DEGENERACY:9106:degeneracy
[22:10:08] Joins: yrrah:7828:thebeach
[22:10:08] Joins moderator: RECORDING_GINNY:265300:staff
[22:10:10] MeKLiN: !acc 
[22:10:11] (0.1) soon: it was less than $6
[22:10:16] (0.1) BFIGHTER: real neighbors stand tall
[22:10:20] (0.1) BFIGHTER: pussy neighbors fall
[22:10:30] (0.1) gaps: if you go to subway, just turn around and leave
[22:10:53] (0.1) BFIGHTER: bitch I got a footlang
[22:10:55] (0.1) gaps: SO gross degen
[22:10:56] (0.1) BFIGHTER: if you know what I mean
[22:11:04] (0.1) MeKLiN: shit bots
[22:11:12] (0.1) gaps: I'm BANNED
[22:11:17] (0.1) Sacred_Club_13: my weed dealer gave me a free 1/8th for some reason
[22:11:18] newt:16877 stopped broadcasting.
[22:11:20] [User] newt:17651 joined the room. (1)
[22:11:22] (0.1) gaps: from da discord
[22:11:24] (0.1) gaps: idk
[22:11:26] MeKLiN_bot: !acc add danskmeme verified
[22:11:33] (0.1) wutang: slitty
[22:11:39] (0.1) wutang: y r u getting cut off
[22:11:59] MeKLiN_bot: !acc 
[22:12:09] (0.1) wutang: u need to be good to her
[22:12:35] [User] Mark:17710 joined the room. (1)
[22:12:38] (0.1) wutang: arent u moving away for college?
[22:12:39] (0.1) Mark: what is the point everyone creating tinychat accounts to link to shit discord site? go to discord link to tinychat.
[22:12:40] MeKLiN_bot: !acc add fierce verified
[22:12:47] DEGENERACY kicked K
[22:13:10] (0.1) sleepy_joe: gonna go cop a 40
[22:13:21] gaps:17320 stopped broadcasting.
[22:13:24] [User] guest:17740 joined the room. (2)
[22:13:27] MeKLiN_bot: !acc add kevindh58 verified
[22:13:32] (0.1) BFIGHTER: kekkity
[22:13:37] BFIGHTER:14791 stopped broadcasting.
[22:13:48] Oracle:15502 stopped broadcasting.
[22:13:49] [User] guest:17763 joined the room. (1)
[22:13:55] MeKLiN_bot: !acc add marko06 verified
[22:13:57] (0.1) Sacred_Club_13: wish college wasnt so political when i went
[22:14:05] (0.1) Sacred_Club_13: wouldnt have dropped out
[22:15:45] [User] Wittmann:17816 joined the room. (2)
[22:15:45] [User] Moderator Wittmann:17816:cancers
[22:15:48] MeKLiN_bot: !acc add cancers verified
[22:15:49] (0.1) Sacred_Club_13: the teachers didnt teach anything but "trump bad" last time i was there
[22:16:07] (0.1) yrrah: what was your degree jedi?
[22:16:18] (0.1) Sacred_Club_13: they expected us to listen to their anti trump shit then study whatever we had to study at home
[22:16:22] (0.1) KAYN: god colleges iin california
[22:16:24] [User] K:17836 joined the room. (1)
[22:17:09] Logged in as: raise
[22:17:10] [Bot] connected as ChanServ:17881, joining room irony
[22:17:10] [DB] Loaded for irony
[22:17:10] Joins: K:17836:testing
[22:17:10] Joins: newt:17651:danskmeme
[22:17:10] Joins moderator: DEGENERACY:17868:degeneracy
[22:17:10] Joins: MeKLiN:17455:meklin
[22:17:10] Joins: MeKLiN_bot:17417:terran
[22:17:10] Joins: Sacred_Club_13:16904:adultvideogames
[22:17:10] Joins: Tired:16778:porterpotty
[22:17:10] Joins: angorasrabbits:15838:angora
[22:17:10] Joins: Allen:15800:pawkypad
[22:17:10] Joins: KAYN:15265:bigbodybigbenz5
[22:17:10] Joins: maoortiririir:14029:kuri
[22:17:10] Joins: sleepy_joe:12729:bongdemon420
[22:17:10] Joins moderator: HIITSNICK1:10087:hiitsnick1
[22:17:10] Joins: wutang:15891:jaywalk
[22:17:10] Joins: yrrah:7828:thebeach
[22:17:10] Joins moderator: RECORDING_GINNY:265300:staff
[22:17:12] DEGENERACY: !bot 
[22:17:13] (0.1) yrrah: more like some kind of college
[22:17:15] MeKLiN: !acc 
[22:17:20] (0.1) DEGENERACY: I love these curry sluts
[22:17:23] MeKLiN: !acc add test7790 verified
[22:17:29] (0.1) KAYN: II used to get all my friends textbooks for free
[22:17:31] (0.1) DEGENERACY: I wish I was demented enough to get with that sinhalese teen
[22:17:33] (0.1) Sacred_Club_13: yrrah what are you trying to say
[22:17:39] (0.1) DEGENERACY: but I really cant be kicking about with teenagers anymore
[22:17:43] (0.1) DEGENERACY: it's not right...
[22:17:44] (2.0) wutang: they shouldve gotten fired for that jedi. i wouldve wrote why trump is good for the trolls then explain to him how the fck is this relevant and it should not effect grades
[22:18:08] (0.1) maoortiririir: could have experoimented
[22:18:08] (0.1) wutang: affect*
[22:18:13] (0.1) maoortiririir: before yeeting the city
[22:18:53] Logged in as: raise
[22:18:53] [Bot] connected as ChanServ:17944, joining room irony
[22:18:53] [DB] Loaded for irony
[22:18:53] Joins: K:17836:testing
[22:18:53] Joins: newt:17651:danskmeme
[22:18:53] Joins moderator: DEGENERACY:17868:degeneracy
[22:18:53] Joins: MeKLiN:17455:meklin
[22:18:53] Joins: MeKLiN_bot:17417:terran
[22:18:53] Joins: Sacred_Club_13:16904:adultvideogames
[22:18:53] Joins: Tired:16778:porterpotty
[22:18:53] Joins: angorasrabbits:15838:angora
[22:18:53] Joins: Allen:15800:pawkypad
[22:18:53] Joins: KAYN:15265:bigbodybigbenz5
[22:18:53] Joins: maoortiririir:14029:kuri
[22:18:53] Joins: sleepy_joe:12729:bongdemon420
[22:18:53] Joins moderator: HIITSNICK1:10087:hiitsnick1
[22:18:53] Joins: wutang:15891:jaywalk
[22:18:53] Joins: yrrah:7828:thebeach
[22:18:53] Joins moderator: RECORDING_GINNY:265300:staff
[22:19:02] MeKLiN: !acc add test9000 verified
[22:19:04] [User] Mark:17952 joined the room. (1)
[22:19:07] (0.1) Mark: white dude jerking off on his knees with lube in this room. https://tinychat.com/room/lostfeet
[22:20:35] Logged in as: raise
[22:20:35] Captcha required, sending nonsense.
[22:20:35] [Bot] connected as ChanServ:18047, joining room irony
[22:20:35] [DB] Loaded for irony
[22:21:54] Logged in as: raise
[22:21:55] Captcha required, sending nonsense.
[22:21:55] [Bot] connected as ChanServ:18116, joining room irony
[22:21:55] [DB] Loaded for irony
[22:21:55] Joins: ONLY1ARESS:18043:aress
[22:21:55] Joins: K:17836:testing
[22:21:55] Joins: newt:17651:danskmeme
[22:21:55] Joins moderator: DEGENERACY:17868:degeneracy
[22:21:55] Joins: MeKLiN_bot:17417:terran
[22:21:55] Joins: Sacred_Club_13:16904:adultvideogames
[22:21:55] Joins: Tired:16778:porterpotty
[22:21:55] Joins: angorasrabbits:15838:angora
[22:21:55] Joins: KAYN:15265:bigbodybigbenz5
[22:21:55] Joins: maoortiririir:14029:kuri
[22:21:55] Joins: sleepy_joe:12729:bongdemon420
[22:21:55] Joins moderator: HIITSNICK1:10087:hiitsnick1
[22:21:55] Joins: MeKLiN:17956:meklin
[22:21:55] Joins: wutang:15891:jaywalk
[22:21:55] Joins: yrrah:7828:thebeach
[22:21:55] Joins moderator: RECORDING_GINNY:265300:staff
[22:22:31] Logged in as: raise
[22:22:31] [Bot] connected as ChanServ:18147, joining room irony
[22:22:31] [DB] Loaded for irony
[22:22:32] Joins: ONLY1ARESS:18043:aress
[22:22:32] Joins: K:17836:testing
[22:22:32] Joins: newt:17651:danskmeme
[22:22:32] Joins moderator: DEGENERACY:17868:degeneracy
[22:22:32] Joins: MeKLiN_bot:17417:terran
[22:22:32] Joins: Sacred_Club_13:16904:adultvideogames
[22:22:32] Joins: Tired:16778:porterpotty
[22:22:32] Joins: angorasrabbits:15838:angora
[22:22:32] Joins: KAYN:15265:bigbodybigbenz5
[22:22:32] Joins: maoortiririir:14029:kuri
[22:22:32] Joins: sleepy_joe:12729:bongdemon420
[22:22:32] Joins moderator: HIITSNICK1:10087:hiitsnick1
[22:22:32] Joins: MeKLiN:17956:meklin
[22:22:32] Joins: wutang:15891:jaywalk
[22:22:32] Joins: yrrah:7828:thebeach
[22:22:32] Joins moderator: RECORDING_GINNY:265300:staff
[22:22:32] (0.1) K: really?
[22:22:34] (0.1) K: all the time?
[22:22:37] MeKLiN: !acc 
[22:22:37] (0.1) K: ALL the time?
[22:22:40] (0.1) Sacred_Club_13: life is of many colors, beautiful and ugly
[22:22:43] MeKLiN: !acc add 777 verified
[22:22:54] [User] MeKLiN:18165 joined the room. (1)
[22:22:54] [User] Found, level(2)  MeKLiN:18165:meklin
[22:22:59] MeKLiN: !acc add 778 verified
[22:23:08] (0.1) MeKLiN: im not making the spam stop
[22:23:10] (0.1) MeKLiN: just ignore them
[22:23:12] (0.1) Sacred_Club_13: beauty but one twilight of hues, many more yet to come and go
[22:23:18] (0.1) MeKLiN: they contribute more to the chat than u
[22:23:37] (0.1) KAYN: look at the wmaf unfolding
[22:23:42] (0.1) KAYN: u can see the hunger
[22:23:54] [User] guest:18190 joined the room. (1)
[22:23:54] [User] Found, level(2)  guest:18190:terran
[22:23:56] [User] guest:18192 joined the room. (2)
[22:23:56] [User] Found, level(2)  guest:18192:terran
[22:23:57] [User] guest:18193 joined the room. (3)
[22:23:57] [User] Found, level(2)  guest:18193:terran
[22:24:00] [User] guest:18195 joined the room. (4)
[22:24:01] [User] Found, level(2)  guest:18195:terran
[22:24:06] (0.1) newt: what are those drugs soya
[22:24:10] [User] MeKLiN_bot:18203 joined the room. (1)
[22:24:10] [User] Found, level(2)  MeKLiN_bot:18203:terran
[22:24:11] (0.1) MeKLiN_bot: SpamFairy is Online!
VIP Status: False
[22:24:11] (0.1) newt: those are some big lines
[22:24:14] (0.1) newt: ritalin?
[22:24:24] (2.0) Sacred_Club_13: i consider why i have senses at all and come to many conclusions - the artist is far more successful at explaining life than the philosopher
[22:24:37] (0.1) wutang: soya???
[22:24:43] DEGENERACY: closed K
[22:24:43] K:17836 stopped broadcasting.
[22:24:49] (0.1) K: DEGEN
[22:24:51] (0.1) K: I WILL END YOU
[22:24:55] (0.1) newt: K who are you
[22:25:01] (0.1) KAYN: who is K true
[22:25:02] (0.1) wutang: soya doesnt cam up
[22:25:05] (0.1) KAYN: literal WH OMEGALUL
[22:25:05] (0.1) K: im soya
[22:25:07] (0.1) K: anal!
[22:25:22] (0.1) newt: now i am unsure
[22:25:39] (0.1) K: soya isnt stupid enough to cam up
[22:25:54] (0.1) K: your sweater looks like you have a disease newt
[22:25:57] (0.1) K: i hate it
[22:26:09] [User] guest:18293 joined the room. (2)
[22:26:15] MeKLiN_bot: !acc add advan verified
[22:26:23] DEGENERACY: closed K
[22:26:23] K:17836 stopped broadcasting.
[22:26:25] (0.1) newt: i can put on a different sweater
[22:26:28] (0.1) K: lmao
[22:26:32] (0.1) yrrah: jedi lives under house arrest
[22:26:32] (0.1) newt: i wore this because it's warm
[22:26:39] (0.1) newt: it was 28F earlier
[22:26:43] (0.1) newt: i was out fishing
[22:26:48] (0.1) K: ill be back when degen stops being ugl y
[22:26:56] (0.1) DEGENERACY: https://i.4cdn.org/wsg/1647673133072.webm
[22:28:16] (0.1) wutang: maori whos hidden
[22:28:29] [User] A1:18407 joined the room. (1)
[22:28:33] MeKLiN_bot: !acc add alcoholex verified
[22:28:40] (0.1) MeKLiN: go bots
[22:29:39] (0.1) MeKLiN: they're really doing it
[22:29:44] (0.1) DEGENERACY: https://en.wikipedia.org/wiki/Moriori_genocide
[22:30:27] (0.1) Sacred_Club_13: https://en.wikipedia.org/wiki/California_genocide
[22:31:15] (0.1) Sacred_Club_13: i didnt know genocides happened at all in california
[22:31:46] [User] Cosmicwaves:18544 joined the room. (2)
[22:31:50] MeKLiN_bot: !acc add descentomadness verified
[22:32:40] [User] DRENCHED:18582 joined the room. (1)
[22:32:46] MeKLiN_bot: !acc add oatmealol2 verified
[22:33:10] (0.1) DRENCHED: Rikki wasnt
[22:33:19] (0.1) wutang: dangies is good with words
[22:33:20] (0.1) DRENCHED: youre out of your mind
[22:33:53] (0.1) wutang: apple got dangied as well
[22:33:58] [User] Rindaman:18630 joined the room. (2)
[22:34:03] MeKLiN_bot: !acc add hikikamori verified
[22:34:48] (0.1) DRENCHED: lonely desperate women just want someone to connect with
[22:34:57] (0.1) DRENCHED: and dangies aggressively tries to connect with these girls
[22:35:16] MeKLiN:18165 stopped broadcasting.
[22:35:32] (0.1) DRENCHED: girls dont go for him because hes hot
[22:35:37] (0.1) DRENCHED: (he isnt)
[22:36:08] (0.1) wutang: dangies got good traits, good job, good family background, nice sizer, smoothe sweet talker
[22:36:16] (0.1) Sacred_Club_13: this area keeps crashing
[22:48:37] Logged in as: raise
[22:48:38] [Bot] connected as ChanServ:19194, joining room irony
[22:48:38] [DB] Loaded for irony
[22:48:38] Joins: TheBoogieMan:18804:allizdoomed888
[22:48:38] Joins: DRENCHED:18582:oatmealol2
[22:48:38] Joins: Cosmicwaves:18544:descentomadness
[22:48:38] Joins: ONLY1ARESS:18043:aress
[22:48:38] Joins: newt:17651:danskmeme
[22:48:38] Joins moderator: DEGENERACY:17868:degeneracy
[22:48:38] Joins: Sacred_Club_13:16904:adultvideogames
[22:48:38] Joins: Tired:16778:porterpotty
[22:48:38] Joins: angorasrabbits:15838:angora
[22:48:38] Joins: maoortiririir:14029:kuri
[22:48:38] Joins: sleepy_joe:12729:bongdemon420
[22:48:38] Joins: Dionysus:19114:hitier
[22:48:38] Joins moderator: HIITSNICK1:10087:hiitsnick1
[22:48:38] Joins: wutang:15891:jaywalk
[22:48:38] Joins: Borgus:18861:borgus
[22:48:38] Joins: yrrah:7828:thebeach
[22:48:38] Joins moderator: dougetit:265300:staff
[22:48:42] (0.1) Dionysus: get fucked
[22:48:58] [User] guest:19213 joined the room. (1)
[22:48:59] [User] Found, level(2)  guest:19213:terran
[22:49:00] [User] guest:19215 joined the room. (2)
[22:49:01] [User] Found, level(2)  guest:19215:terran
[22:49:06] [User] guest:19218 joined the room. (3)
[22:49:06] [User] Found, level(2)  guest:19218:terran
[22:49:14] [User] MeKLiN_bot:19225 joined the room. (1)
[22:49:14] [User] Found, level(2)  MeKLiN_bot:19225:terran
[22:49:14] (0.1) MeKLiN_bot: SpamFairy is Online!
VIP Status: False
[22:49:55] (0.1) Dionysus: ideally you want to get to a point where you cringe at yourself all the time
[22:49:58] (0.1) Dionysus: and never get anything done
[22:50:33] (0.1) Dionysus: my advice? dont ask for advice
[22:50:42] sleepy_joe:12729 stopped broadcasting.
[22:50:53] (0.1) Dionysus: hes still young isnt he
[22:50:56] (0.1) TheBoogieMan: ths is gonan be ur daughter
[22:50:59] [User] day:19315 joined the room. (2)
[22:51:00] DEGENERACY:17868 stopped broadcasting.
[22:51:05] MeKLiN_bot: !acc add letmeseesome verified
[22:51:16] (0.1) day: O.O
[22:51:24] (0.1) Dionysus: based day
[22:51:33] (0.1) TheBoogieMan: wutang shes gona be ur daughter lol
[22:51:34] maoortiririir:14029 stopped broadcasting.
[22:51:35] (0.1) day: i am religous
[22:51:36] (0.1) day: today
[22:51:37] [User] maoortiririir:19371 joined the room. (1)
[22:51:39] (0.1) day: i gonan kill you
[22:51:41] MeKLiN_bot: !acc add kuri verified
[22:51:42] (0.2) wutang: no
[22:51:45] (0.1) day: you infidal
[22:51:45] (0.1) Dionysus: why day
[22:51:51] (0.1) day: here is fasting
[22:51:57] (0.2) day: n i gonan get no food
[22:51:57] [User] guest:19388 joined the room. (2)
[22:52:03] MeKLiN_bot: !acc add jadee verified
[22:52:25] (0.1) Dionysus: dayrod
[22:52:26] (0.1) day: i am fucked gape person
[22:52:30] (0.1) day: i am not some rich
[22:52:31] (0.1) day: or cool
[22:52:37] (0.1) day: person
[22:52:39] (0.1) JADEE: wutang you look like a triad member?
[22:52:53] (0.1) day: i was all night scread
[22:52:55] (0.1) day: coz of winds
[22:53:00] (0.1) wutang: john its natural for girls n guys to date, but ill nevar let my daughter dress like that
[22:53:00] (0.1) day: i thought god is going to kill me
[22:53:04] (0.1) day: with thunder
[22:53:06] (0.1) JADEE: newt looks gang
[22:53:08] (0.1) JADEE: gay
[22:53:14] (0.1) JADEE: newt are u a tranny?
[22:53:22] (0.1) wutang: is jade jrod?
[22:53:27] (0.2) JADEE: no
[22:53:29] (0.1) day: I ONLY HATE ONE THING IN JROD n when he show dick
[22:53:30] (0.1) JADEE: idk who that is
[22:53:31] (0.1) day: that all
[22:53:39] (0.1) day: who ever show dick i hate him
[22:53:50] (0.1) wutang: im korean and probably the nicest guy online
[22:53:56] (0.1) JADEE: oh ok
[22:54:02] (0.1) day: wutang your north korean
[22:54:04] (0.1) JADEE: thought you were chinese or japanese
[22:54:04] (0.1) newt: why do i look gay?
[22:54:05] (0.1) day: or  south
[22:54:13] (0.1) day: wutang you north or south korean
[22:54:19] (0.1) day: you kimjong hooo
[22:54:20] (0.1) wutang: south
[22:54:21] (0.2) JADEE: yes koreans are very nice
[22:54:21] (0.1) day: partner
[22:54:36] (0.1) wutang: i dont think north can leave like that
[22:54:41] (0.1) day: my one freind did scam  in koirea
[22:54:45] (0.1) day: n korea kick him out
[22:54:46] (0.1) day: wutang
[22:54:54] (0.1) day: n his family
[22:55:19] [User] DEVILOFHELL:19573 joined the room. (1)
[22:55:23] MeKLiN_bot: !acc add danielmoore verified
[22:55:25] (0.1) day: lol
[22:55:34] (0.1) day: ask advice form me
[22:55:36] (0.1) day: i am best person
[22:55:37] (0.1) day: to gape
[22:55:41] (0.1) day: person
[22:56:00] (0.1) day: in my entire life when ever i give advice to somone he got gaped
[22:56:08] (0.1) day: so i   stop
[22:56:32] (0.1) DRENCHED: good evening black man
[22:56:36] (0.1) DRENCHED: can i get an n-word pass?
[22:56:44] DEVILOFHELL:19573 stopped broadcasting.
[22:57:01] [User] guest:19657 joined the room. (2)
[22:57:01] [User] Found, level(2)  guest:19657:meklin
[22:57:03] (0.1) day: tired show me yoru ex picture
[22:57:05] (0.1) day: O.O
[22:57:13] [User] guest:19664 joined the room. (1)
[22:57:13] [User] Found, level(2)  guest:19664:meklin
[22:57:14] [User] britted:19670 joined the room. (2)
[22:57:20] MeKLiN_bot: !acc add britted verified
[22:57:29] yrrah:7828 stopped broadcasting.
[22:57:29] [User] guest:19696 joined the room. (1)
[22:57:30] [User] Found, level(2)  guest:19696:meklin
[22:57:37] (0.1) day: where you find this sexy boys
[22:57:38] (0.1) day: lol
[22:57:39] [User] britted:19716 joined the room. (2)
[22:57:39] [User] Found, level(5)  britted:19716:britted
[22:57:44] MeKLiN_bot: !acc add britted verified
[22:57:51] (0.1) day: how you caputre them
[22:57:53] (0.1) day: tired
[22:58:23] maoortiririir:19371 stopped broadcasting.
[22:58:25] (0.1) day: how many exs you cahnge
[22:58:27] (0.1) day: tired
[22:58:55] (0.1) day: lol
[22:58:56] (0.1) day: hahah
[22:58:58] (0.1) Dionysus: this is gross
[22:59:00] (0.1) Dionysus: nobody cares
[22:59:26] (0.1) day: i know if feeling is real how shit it can get
[22:59:45] (0.1) day: why i fukcing alive
[22:59:51] [User] snowbro:19860 joined the room. (1)
[22:59:58] MeKLiN_bot: !acc add snowbro verified
[22:59:58] (0.1) britted: I love you day
[23:00:05] (0.1) day: that gay
[23:00:06] (0.1) day: degen
[23:00:08] (0.1) britted: Lol
[23:00:13] (0.1) day: haha
[23:00:19] (0.1) britted: No Homo
[23:00:30] (0.1) day: degen your very good person man
[23:00:35] (0.1) day: but i am super shit
[23:00:38] [User] M_uchLove:19908 joined the room. (2)
[23:00:38] [User] Moderator M_uchLove:19908:wretchedegen
[23:00:42] (0.1) day: you deserve some respect person like your self
[23:00:46] (0.1) britted: I’m not really, it’s all relative though
[23:01:02] (0.1) Dionysus: is everything ok at home martial
[23:01:03] (0.1) britted: I don’t think most people are “good”
[23:01:06] [User] guest-43767:19941 joined the room. (1)
[23:01:07] [User] Found, level(5)  guest-43767:19941:snowbro
[23:01:18] (0.1) day: degen if person is even bad but he is innoect
[23:01:23] (0.1) day: i think he is better
[23:01:28] (0.1) britted: Most people are good natured though I think 
[23:01:43] (0.1) day: i don't know man but liveing with bad self
[23:01:45] (0.1) Dionysus: are you ok
[23:01:48] (0.1) day: is  kind of bad
[23:03:50] (0.1) day: M how far is CT
[23:03:52] (0.1) day: form you
[23:04:01] (0.1) day: i used to know girl form CT
[23:04:10] (0.1) day: n she fucking run
[23:04:15] (0.1) day: gon like pufff
[23:04:32] (0.1) day: i was with her in visa ture
[23:04:34] (0.1) day: love
[23:05:02] [User] Limuli:20160 joined the room. (2)
[23:05:06] MeKLiN_bot: !acc add limuli2 verified
[23:05:12] (0.1) day: really nigger
[23:05:14] (0.1) day: O.O
[23:05:34] [User] philanthropist:20187 joined the room. (1)
[23:05:38] MeKLiN_bot: !acc add notmomus verified
[23:05:59] (0.1) day: when ever i am about to think something pevert about other person
[23:06:02] (0.1) day: i say fuck my own asshole
[23:06:11] (0.1) philanthropist: waddup
[23:06:21] (0.2) day: hey momus dollar man
[23:07:07] (0.1) day: i donwlaod some songs
[23:07:11] (0.1) day: but software gon
[23:07:30] [User] Mintee_baby:20303 joined the room. (2)
[23:07:32] (0.1) philanthropist: oh 2 people dont like you? how suprising
[23:07:34] MeKLiN_bot: !acc add thedogcat1234 verified
[23:08:24] (0.1) Dionysus: great
[23:08:27] TheBoogieMan:18804 stopped broadcasting.
[23:08:27] (0.1) Dionysus: the baby guy is here
[23:08:27] (0.1) day: i hope i have 0 belly in 2 months
[23:08:32] (0.1) day: i am doing very good
[23:08:35] (0.1) philanthropist: only fags here now besides me caf and jedi
[23:08:43] (0.1) Dionysus: not tonight martial
[23:08:51] (0.1) philanthropist: >not tonight
[23:08:52] [User] WEENIE:20382 joined the room. (1)
[23:08:53] (0.1) day: momus  i am feeling really fag
[23:08:53] (0.1) philanthropist: XD
[23:08:54] (0.1) day: now days
[23:08:59] MeKLiN_bot: !acc add weenie verified
[23:09:00] (0.1) day: i even think abotu my own ass
[23:09:02] (0.1) day: momus
[23:09:05] (0.1) day: i am really getting fag
[23:09:06] (0.1) Dionysus: i was talking to martial
[23:09:18] HIITSNICK1: closed Mintee_baby
[23:09:18] Mintee_baby:20303 stopped broadcasting.
[23:09:22] (0.1) day: eelbi
[23:09:22] (0.1) philanthropist: caf every night is for drinking beer
[23:09:24] (0.1) philanthropist: smh
[23:09:29] M_uchLove:19908 stopped broadcasting.
[23:10:29] [User] britted:20464 joined the room. (2)
[23:10:29] [User] Found, level(5)  britted:20464:britted
[23:10:33] MeKLiN_bot: !acc add britted verified
[23:10:43] (0.1) philanthropist: fuck off faggot pieces of shit
[23:10:45] philanthropist:20187 stopped broadcasting.
[23:11:50] [User] joystick:20534 joined the room. (1)
[23:11:56] MeKLiN_bot: !acc add joystick verified
[23:13:16] [User] Oracle:20609 joined the room. (2)
[23:13:23] MeKLiN_bot: !acc add kms14 verified
[23:13:45] Tired:16778 stopped broadcasting.
[23:13:54] (0.1) guest: go bots
[23:14:01] (0.1) day: jrod O.O
[23:14:06] (0.1) day: you show pp i show you gape
[23:14:15] [User] yay:20646 joined the room. (1)
[23:14:19] (0.1) day: lol
[23:14:21] MeKLiN_bot: !acc add gee verified
[23:14:22] (0.1) day: wtf i am typing
[23:14:58] [User] Tired:20679 joined the room. (2)
[23:15:05] MeKLiN_bot: !acc add porterpotty verified
[23:16:10] (0.1) Dionysus: seems like a bit of a logic problem here jrod
[23:16:30] (0.1) Dionysus: thats right
[23:16:39] (0.1) Dionysus: exactly
[23:16:41] yrrah:7828 stopped broadcasting.
[23:17:55] Oracle:20609 stopped broadcasting.
[23:17:56] dougetit:265300 stopped broadcasting.
[23:18:04] (0.1) day: O.O
[23:18:19] (0.1) day: i missed wht he said
[23:18:26] (0.1) day: my music audio is high
[23:18:29] (0.1) day: i heard him
[23:18:33] (0.1) day: but missed
[23:18:39] (0.1) guest: all are whitelisted!
[23:19:14] [User] Oracle:20943 joined the room. (1)
[23:19:14] [User] Found, level(5)  Oracle:20943:kms14
[23:19:21] MeKLiN_bot: !acc add kms14 verified
[23:19:22] newt:17651 stopped broadcasting.
[23:19:46] [User] yay:20976 joined the room. (2)
[23:19:47] [User] Found, level(5)  yay:20976:gee
[23:19:50] Oracle:20943 stopped broadcasting.
[23:19:53] MeKLiN_bot: !acc add gee verified
[23:23:36] (0.1) guest: i cant hear you
[23:24:11] [User] a_pessimist:21249 joined the room. (1)
[23:24:16] MeKLiN_bot: !acc add covid2021 verified
[23:25:04] [User] guest-43974:21314 joined the room. (2)
[23:25:55] [User] sophie:21353 joined the room. (1)
[23:25:57] (0.1) wutang: chat died
[23:25:59] MeKLiN_bot: !acc add redhairsophie verified
[23:26:08] wutang:15891 stopped broadcasting.
[23:26:15] (0.1) wutang: lag
[23:26:25] (0.1) wutang: brb
[23:26:41] guest: !greet 
[23:26:41] (0.1) MeKLiN_bot: Greet Users: False
[23:26:45] (0.1) guest: uho h
[23:26:49] guest: !greet 
[23:26:49] (0.1) MeKLiN_bot: Greet Users: True
[23:27:56] [User] wutang:21469 joined the room. (2)
[23:28:02] MeKLiN_bot: !acc add jaywalk verified
[23:28:33] [User] cliff:21499 joined the room. (1)
[23:28:40] MeKLiN_bot: !acc add dudeoncouch verified
[23:28:55] (0.1) wutang: lets go wet
[23:29:01] [User] cliff:21520 joined the room. (2)
[23:29:01] [User] Found, level(5)  cliff:21520:dudeoncouch
[23:29:03] (0.1) wutang: since dogmeat them went lol
[23:29:07] MeKLiN_bot: !acc add dudeoncouch verified
[23:29:18] (0.1) cliff: a break...
[23:29:28] a_pessimist:21249 stopped broadcasting.
[23:29:30] [User] noirwhal:21563 joined the room. (1)
[23:29:36] MeKLiN_bot: !acc add nightsky2020 verified
[23:29:49] [User] wutang:21582 joined the room. (2)
[23:29:49] [User] Found, level(5)  wutang:21582:jaywalk
[23:29:49] (0.1) noirwhal: thank you for the verification, meklin bot
[23:29:52] (0.1) cliff: waiting
[23:29:53] (0.1) wutang: theyre not in there
[23:29:55] MeKLiN_bot: !acc add jaywalk verified
[23:29:58] (0.2) MeKLiN_bot: yes
[23:30:34] (0.1) cliff: its good
[23:30:41] [User] chadder:21625 joined the room. (1)
[23:30:46] MeKLiN_bot: !acc add chadcarmoncarriere verified
[23:30:46] (0.1) cliff: but the funk
[23:30:48] (0.1) guest: espeak -f raven.txt
[23:30:52] [User] guest-44017:21632 joined the room. (2)
[23:31:05] (0.1) noirwhal: dragon_joust.com
[23:31:44] (0.1) cliff: come on
[23:31:49] [User] guest-44035:21695 joined the room. (1)
[23:31:52] (2.0) wutang: i cant find the clip anymore. 2 crooks, 1 lookout, other flies a brick at the window, hits his friend in the back of his head... knocks out, other guy doesnt know what happened to his friend..... throws another brick, bounces back and knocks him out
[23:31:56] (0.1) wutang: 2 for 2 bb
[23:32:03] (0.1) noirwhal: ive seen that
[23:32:12] (0.1) wutang: lol that sht was based
[23:32:13] (0.1) noirwhal: they have longish hair
[23:32:14] (0.1) noirwhal: or one does
[23:32:46] (0.1) wutang: i think the one looking out had long hair
[23:32:47] (0.1) noirwhal: meklin is industrious
[23:32:52] (0.1) cliff: force head...
[23:32:53] (0.1) noirwhal: he is building
[23:33:00] (0.1) guest: i already finished
[23:33:05] (0.1) noirwhal: its obviously meklin
[23:33:08] (0.1) guest: it whitelists for me
[23:33:25] (0.1) cliff: just break it down
[23:34:11] (0.1) guest: https://raw.githubusercontent.com/MeKLiN2/The-Raven/master/raven.txt
[23:34:21] TheBoogieMan:18804 stopped broadcasting.
[23:34:51] (0.1) cliff: make your threats.... some breaks
[23:35:11] (0.1) TheBoogieMan: who
[23:35:36] (0.1) cliff: longest bridge....
[23:35:59] (0.1) wutang: feds let this slide?
[23:36:12] (0.2) TheBoogieMan: obv no
[23:36:15] (0.1) TheBoogieMan: try it lol
[23:36:17] (2.0) guest: https://raw.githubusercontent.com/rohfosho/RapGenerator/master/lyrics/Stephen%20King%20vs%20Edgar%20Allan%20Poe%20by%20Nice%20Peter%20%26%20EpicLLOYD%20%20(Ft.%20Zach%20Sherwin)%20prod.%20by%20Maker%20Studios.txt
[23:37:04] (0.1) cliff: waiting for the break down
[23:37:07] TheBoogieMan:18804 stopped broadcasting.
[23:37:39] (0.1) cliff: tired of the buil,d \
[23:37:41] (0.1) guest: sebby?
[23:38:00] (0.1) cliff: couple of reasons
[23:38:22] (0.1) guest: https://www.eapoe.org/works/tales/pitpdmc.htm
[23:38:38] (0.1) cliff: 2 step
[23:38:49] (0.1) cliff: 4 ste4p
[23:39:14] [User] soon:22057 joined the room. (2)
[23:39:21] MeKLiN_bot: !acc add smiggles verified
[23:39:46] (0.1) cliff: a side...
[23:40:48] (0.1) cliff: im just going to listen to you....
[23:40:57] (0.1) guest: the bot has wrote 3.2kb of names so far
[23:41:19] guest: !sbl A
[23:41:33] (0.1) cliff: its public
[23:41:39] guest: !acc add hitier mod
[23:41:44] guest: !acc add jaywalk mod
[23:42:03] (0.1) guest: dont refresh for a second
[23:42:07] [User] guest_696969:22189 joined the room. (1)
[23:42:09] (0.1) Dionysus: based noirwhal FBI agent
[23:42:12] MeKLiN_bot: !acc add bigcumguy69 verified
[23:42:22] (0.1) guest: ok
[23:42:35] (0.1) guest: u are in the list of admins who bot2 does not greet with an add command
[23:42:37] (0.1) guest_696969: ty b
[23:42:38] (0.1) guest_696969: b
[23:42:41] (0.1) guest: all others are autobatically rewrote
[23:42:55] (2.0) guest: ULTIMATE MODERATOR LIST: degeneracy
meklin
irony
hiitsnick1
staff
wretchedegen
jura
terran
raise
trap
ruin
jaywalk
hitier
[23:43:03] (0.1) cliff: lol
[23:43:21] (0.1) cliff: say the certain words....
[23:43:47] [User] a_pessimist:22260 joined the room. (2)
[23:43:47] [User] Found, level(5)  a_pessimist:22260:covid2021
[23:43:53] MeKLiN_bot: !acc add covid2021 verified
[23:43:53] (0.1) a_pessimist: irony
[23:43:59] (0.1) a_pessimist: can i coom in your mouth plz
[23:44:03] (0.1) a_pessimist: if ur 18+
[23:44:04] (0.1) guest: the bot is stock build right now
[23:44:20] (0.1) guest: https://github.com/odsum/TinyChatBot
[23:45:18] (0.1) Dionysus: I work for the government too
[23:45:21] (0.1) guest_696969: jahahah
[23:45:22] (0.1) Dionysus: Hello, fellow FEDs
[23:45:26] a_pessimist:22260 stopped broadcasting.
[23:45:30] (0.1) guest_696969: where do you work?
[23:45:32] (0.1) guest_696969: postoffice?
[23:45:53] [User] guest-44134:22368 joined the room. (1)
[23:46:21] [User] day:22397 joined the room. (2)
[23:46:21] [User] Found, level(5)  day:22397:letmeseesome
[23:46:25] MeKLiN_bot: !acc add letmeseesome verified
[23:46:29] (0.1) Dionysus: Is this 'NSA' in the room with us
[23:46:49] (0.2) guest: yes
[23:46:50] (0.1) day: tired O.O
[23:46:55] (0.1) day: what you did
[23:46:56] guest-44134:22368 stopped broadcasting.
[23:47:02] (0.1) Tired: pulled on my piercings
[23:47:05] (0.1) guest: they bought this website ages ago
[23:47:09] (0.1) guest_696969: Haha nah
[23:47:10] (0.1) guest_696969: Im not NSA
[23:47:13] (0.1) guest_696969: Im Naval Reactors
[23:47:21] (0.1) guest: thats who owns this page
[23:47:27] (0.1) guest: PRISM
[23:47:35] (0.1) guest: ...its a bot as well
[23:47:36] [User] guest-44155:22481 joined the room. (1)
[23:48:16] (0.1) guest: it runs natural voice library creators on people
[23:48:19] [User] Oracle:22517 joined the room. (2)
[23:48:20] [User] Found, level(5)  Oracle:22517:kms14
[23:48:23] MeKLiN_bot: !acc add kms14 verified
[23:48:28] (0.1) Oracle: Is that glowwhal?
[23:48:30] (0.1) Oracle: Or noirwhal?
[23:48:39] (0.1) Dionysus: Schizofrenia simulation
[23:48:40] TheBoogieMan:18804 stopped broadcasting.
[23:49:11] (0.1) guest_696969: melkin, love the tunes, dawg
[23:49:27] (0.1) guest: its edgar allen poe on Espeak Linux readr
[23:49:29] [User] chadder:22577 joined the room. (1)
[23:49:29] [User] Found, level(5)  chadder:22577:chadcarmoncarriere
[23:49:30] guest-44035:21695 stopped broadcasting.
[23:49:33] MeKLiN_bot: !acc add chadcarmoncarriere verified
[23:49:33] [User] Vin:22584 joined the room. (2)
[23:49:39] (0.1) guest: the pit and the pendulum
[23:49:40] MeKLiN_bot: !acc add farmers543 verified
[23:50:52] [User] Borgus:22672 joined the room. (1)
[23:50:56] MeKLiN_bot: !acc add borgus verified
[23:51:07] (0.1) Dionysus: whos fedding who
[23:51:15] (0.1) noirwhal: fedception
[23:51:25] (0.1) noirwhal: how do you think Vio walks free?
[23:51:25] (0.1) Dionysus: fed within a fed xdd
[23:51:27] (0.1) noirwhal: thinkaboutit
[23:51:40] (0.1) Dionysus: tc sucks dick
[23:51:56] [User] Catboyz:22738 joined the room. (2)
[23:52:03] MeKLiN_bot: !acc add looksmaxtime verified
[23:52:44] [User] guest-44212:22786 joined the room. (1)
[23:52:50] [User] guest-44215:22791 joined the room. (2)
[23:52:53] Borgus:22672 stopped broadcasting.
[23:52:56] guest_696969:22189 stopped broadcasting.
[23:54:12] noirwhal:21563 stopped broadcasting.
[23:54:28] Dionysus:19114 stopped broadcasting.
[23:54:33] Oracle: !urb dust bite
[23:54:35] (0.1) noirwhal: does anyone know guest-69696969
[23:54:38] Oracle: !urb bite dust
[23:54:40] (0.1) noirwhal: who was that?
[23:54:55] Oracle: !urb who dunnit
[23:55:00] Oracle: !urb not it
[23:55:07] (0.1) cliff: nin
[23:55:30] (0.1) Sacred_Club_13: https://www.youtube.com/watch?v=Z93SdirnzTw
[23:55:37] (0.1) Sacred_Club_13: this map makes me think of this song
[23:56:29] (0.1) cliff: ever been weird
[23:56:30] [User] dougetit:22994 joined the room. (1)
[23:56:30] [User] Moderator dougetit:22994:staff
[23:57:31] noirwhal:21563 stopped broadcasting.
[23:57:33] noirwhal:21563 stopped broadcasting.
[23:57:34] [User] guest-44248:23051 joined the room. (2)
[23:57:53] (0.1) noirwhal: are you a fed, guest-44248
[23:58:05] [User] newt:23086 joined the room. (1)
[23:58:06] (0.1) cliff: screw you shrooms
[23:58:09] MeKLiN_bot: !acc add danskmeme verified
[23:58:21] dougetit banned guest-44248
[23:58:21] guest-44248:23051 stopped broadcasting.
[23:58:30] (0.1) noirwhal: never tell the truth when you're 17
[23:58:32] (0.1) newt: pedos owned
[23:58:38] (0.1) noirwhal: its probably one of those pedo-honeypots
[23:58:54] (0.1) noirwhal: she looked like a 22 year old college student
[23:59:11] (0.1) cliff: break it down
[23:59:35] (0.1) noirwhal: if i was 17 i would lie.. i had fake IDs for like 4 years
[23:59:43] (0.1) noirwhal: i lied in some IRC channels
[23:59:46] (0.1) noirwhal: when i was like 12
[23:59:58] (0.1) noirwhal: shut up jarrod
[23:59:59] [User] ONLY1ARESS:23198 joined the room. (2)
